0 info it worked if it ends with ok
1 verbose cli [ '/usr/local/node/bin/node',
1 verbose cli   '/usr/local/node/bin/npm',
1 verbose cli   'install' ]
2 info using npm@1.4.28
3 info using node@v0.10.32
4 verbose readDependencies using package.json deps
5 verbose install where, deps [ '/Users/Melanie/Documents/Code/misceo',
5 verbose install   [ 'async',
5 verbose install     'bcrypt',
5 verbose install     'bower',
5 verbose install     'good',
5 verbose install     'good-console',
5 verbose install     'grunt',
5 verbose install     'grunt-cli',
5 verbose install     'grunt-contrib-clean',
5 verbose install     'grunt-contrib-copy',
5 verbose install     'grunt-contrib-jade',
5 verbose install     'grunt-contrib-jshint',
5 verbose install     'grunt-contrib-less',
5 verbose install     'grunt-contrib-watch',
5 verbose install     'grunt-hapi',
5 verbose install     'grunt-jscs',
5 verbose install     'grunt-shell',
5 verbose install     'hapi',
5 verbose install     'joi',
5 verbose install     'jshint-stylish',
5 verbose install     'jshintrc',
5 verbose install     'lout',
5 verbose install     'mongoose' ] ]
6 info preinstall misceo@0.0.0
7 verbose readDependencies using package.json deps
8 verbose cache add [ 'async@^0.9.0', null ]
9 verbose cache add name=undefined spec="async@^0.9.0" args=["async@^0.9.0",null]
10 verbose parsed url { protocol: null,
10 verbose parsed url   slashes: null,
10 verbose parsed url   auth: null,
10 verbose parsed url   host: null,
10 verbose parsed url   port: null,
10 verbose parsed url   hostname: null,
10 verbose parsed url   hash: null,
10 verbose parsed url   search: null,
10 verbose parsed url   query: null,
10 verbose parsed url   pathname: 'async@^0.9.0',
10 verbose parsed url   path: 'async@^0.9.0',
10 verbose parsed url   href: 'async@^0.9.0' }
11 verbose cache add [ 'bcrypt@^0.8.0', null ]
12 verbose cache add name=undefined spec="bcrypt@^0.8.0" args=["bcrypt@^0.8.0",null]
13 verbose parsed url { protocol: null,
13 verbose parsed url   slashes: null,
13 verbose parsed url   auth: null,
13 verbose parsed url   host: null,
13 verbose parsed url   port: null,
13 verbose parsed url   hostname: null,
13 verbose parsed url   hash: null,
13 verbose parsed url   search: null,
13 verbose parsed url   query: null,
13 verbose parsed url   pathname: 'bcrypt@^0.8.0',
13 verbose parsed url   path: 'bcrypt@^0.8.0',
13 verbose parsed url   href: 'bcrypt@^0.8.0' }
14 verbose cache add [ 'bower@^1.3.12', null ]
15 verbose cache add name=undefined spec="bower@^1.3.12" args=["bower@^1.3.12",null]
16 verbose parsed url { protocol: null,
16 verbose parsed url   slashes: null,
16 verbose parsed url   auth: null,
16 verbose parsed url   host: null,
16 verbose parsed url   port: null,
16 verbose parsed url   hostname: null,
16 verbose parsed url   hash: null,
16 verbose parsed url   search: null,
16 verbose parsed url   query: null,
16 verbose parsed url   pathname: 'bower@^1.3.12',
16 verbose parsed url   path: 'bower@^1.3.12',
16 verbose parsed url   href: 'bower@^1.3.12' }
17 verbose cache add [ 'good@^4.0.0', null ]
18 verbose cache add name=undefined spec="good@^4.0.0" args=["good@^4.0.0",null]
19 verbose parsed url { protocol: null,
19 verbose parsed url   slashes: null,
19 verbose parsed url   auth: null,
19 verbose parsed url   host: null,
19 verbose parsed url   port: null,
19 verbose parsed url   hostname: null,
19 verbose parsed url   hash: null,
19 verbose parsed url   search: null,
19 verbose parsed url   query: null,
19 verbose parsed url   pathname: 'good@^4.0.0',
19 verbose parsed url   path: 'good@^4.0.0',
19 verbose parsed url   href: 'good@^4.0.0' }
20 verbose already installed skipping good-console@^2.0.1 /Users/Melanie/Documents/Code/misceo
21 verbose already installed skipping grunt@^0.4.5 /Users/Melanie/Documents/Code/misceo
22 verbose already installed skipping grunt-cli@^0.1.13 /Users/Melanie/Documents/Code/misceo
23 verbose cache add name="async" spec="^0.9.0" args=["async","^0.9.0"]
24 verbose parsed url { protocol: null,
24 verbose parsed url   slashes: null,
24 verbose parsed url   auth: null,
24 verbose parsed url   host: null,
24 verbose parsed url   port: null,
24 verbose parsed url   hostname: null,
24 verbose parsed url   hash: null,
24 verbose parsed url   search: null,
24 verbose parsed url   query: null,
24 verbose parsed url   pathname: '^0.9.0',
24 verbose parsed url   path: '^0.9.0',
24 verbose parsed url   href: '^0.9.0' }
25 verbose addNamed [ 'async', '^0.9.0' ]
26 verbose addNamed [ null, '>=0.9.0-0 <0.10.0-0' ]
27 verbose cache add name="bcrypt" spec="^0.8.0" args=["bcrypt","^0.8.0"]
28 verbose parsed url { protocol: null,
28 verbose parsed url   slashes: null,
28 verbose parsed url   auth: null,
28 verbose parsed url   host: null,
28 verbose parsed url   port: null,
28 verbose parsed url   hostname: null,
28 verbose parsed url   hash: null,
28 verbose parsed url   search: null,
28 verbose parsed url   query: null,
28 verbose parsed url   pathname: '^0.8.0',
28 verbose parsed url   path: '^0.8.0',
28 verbose parsed url   href: '^0.8.0' }
29 verbose addNamed [ 'bcrypt', '^0.8.0' ]
30 verbose addNamed [ null, '>=0.8.0-0 <0.9.0-0' ]
31 verbose cache add name="bower" spec="^1.3.12" args=["bower","^1.3.12"]
32 verbose parsed url { protocol: null,
32 verbose parsed url   slashes: null,
32 verbose parsed url   auth: null,
32 verbose parsed url   host: null,
32 verbose parsed url   port: null,
32 verbose parsed url   hostname: null,
32 verbose parsed url   hash: null,
32 verbose parsed url   search: null,
32 verbose parsed url   query: null,
32 verbose parsed url   pathname: '^1.3.12',
32 verbose parsed url   path: '^1.3.12',
32 verbose parsed url   href: '^1.3.12' }
33 verbose addNamed [ 'bower', '^1.3.12' ]
34 verbose addNamed [ null, '>=1.3.12-0 <2.0.0-0' ]
35 verbose cache add name="good" spec="^4.0.0" args=["good","^4.0.0"]
36 verbose parsed url { protocol: null,
36 verbose parsed url   slashes: null,
36 verbose parsed url   auth: null,
36 verbose parsed url   host: null,
36 verbose parsed url   port: null,
36 verbose parsed url   hostname: null,
36 verbose parsed url   hash: null,
36 verbose parsed url   search: null,
36 verbose parsed url   query: null,
36 verbose parsed url   pathname: '^4.0.0',
36 verbose parsed url   path: '^4.0.0',
36 verbose parsed url   href: '^4.0.0' }
37 verbose addNamed [ 'good', '^4.0.0' ]
38 verbose addNamed [ null, '>=4.0.0-0 <5.0.0-0' ]
39 verbose already installed skipping grunt-contrib-clean@^0.6.0 /Users/Melanie/Documents/Code/misceo
40 verbose already installed skipping grunt-contrib-copy@^0.7.0 /Users/Melanie/Documents/Code/misceo
41 silly lockFile 7f39d2c2-async-0-9-0 async@^0.9.0
42 verbose lock async@^0.9.0 /Users/Melanie/.npm/7f39d2c2-async-0-9-0.lock
43 silly lockFile 54b36fd7-bcrypt-0-8-0 bcrypt@^0.8.0
44 verbose lock bcrypt@^0.8.0 /Users/Melanie/.npm/54b36fd7-bcrypt-0-8-0.lock
45 silly lockFile 99f654c7-bower-1-3-12 bower@^1.3.12
46 verbose lock bower@^1.3.12 /Users/Melanie/.npm/99f654c7-bower-1-3-12.lock
47 silly lockFile ff5f065e-good-4-0-0 good@^4.0.0
48 verbose lock good@^4.0.0 /Users/Melanie/.npm/ff5f065e-good-4-0-0.lock
49 verbose cache add [ 'grunt-contrib-jade@^0.13.0', null ]
50 verbose cache add name=undefined spec="grunt-contrib-jade@^0.13.0" args=["grunt-contrib-jade@^0.13.0",null]
51 verbose parsed url { protocol: null,
51 verbose parsed url   slashes: null,
51 verbose parsed url   auth: null,
51 verbose parsed url   host: null,
51 verbose parsed url   port: null,
51 verbose parsed url   hostname: null,
51 verbose parsed url   hash: null,
51 verbose parsed url   search: null,
51 verbose parsed url   query: null,
51 verbose parsed url   pathname: 'grunt-contrib-jade@^0.13.0',
51 verbose parsed url   path: 'grunt-contrib-jade@^0.13.0',
51 verbose parsed url   href: 'grunt-contrib-jade@^0.13.0' }
52 verbose cache add name="grunt-contrib-jade" spec="^0.13.0" args=["grunt-contrib-jade","^0.13.0"]
53 verbose parsed url { protocol: null,
53 verbose parsed url   slashes: null,
53 verbose parsed url   auth: null,
53 verbose parsed url   host: null,
53 verbose parsed url   port: null,
53 verbose parsed url   hostname: null,
53 verbose parsed url   hash: null,
53 verbose parsed url   search: null,
53 verbose parsed url   query: null,
53 verbose parsed url   pathname: '^0.13.0',
53 verbose parsed url   path: '^0.13.0',
53 verbose parsed url   href: '^0.13.0' }
54 verbose addNamed [ 'grunt-contrib-jade', '^0.13.0' ]
55 verbose addNamed [ null, '>=0.13.0-0 <0.14.0-0' ]
56 silly lockFile 92daaa78-grunt-contrib-jade-0-13-0 grunt-contrib-jade@^0.13.0
57 verbose lock grunt-contrib-jade@^0.13.0 /Users/Melanie/.npm/92daaa78-grunt-contrib-jade-0-13-0.lock
58 silly addNameRange { name: 'bower', range: '>=1.3.12-0 <2.0.0-0', hasData: false }
59 silly addNameRange { name: 'async', range: '>=0.9.0-0 <0.10.0-0', hasData: false }
60 silly addNameRange { name: 'bcrypt', range: '>=0.8.0-0 <0.9.0-0', hasData: false }
61 silly addNameRange { name: 'good', range: '>=4.0.0-0 <5.0.0-0', hasData: false }
62 verbose cache add [ 'grunt-contrib-jshint@^0.10.0', null ]
63 verbose cache add name=undefined spec="grunt-contrib-jshint@^0.10.0" args=["grunt-contrib-jshint@^0.10.0",null]
64 verbose parsed url { protocol: null,
64 verbose parsed url   slashes: null,
64 verbose parsed url   auth: null,
64 verbose parsed url   host: null,
64 verbose parsed url   port: null,
64 verbose parsed url   hostname: null,
64 verbose parsed url   hash: null,
64 verbose parsed url   search: null,
64 verbose parsed url   query: null,
64 verbose parsed url   pathname: 'grunt-contrib-jshint@^0.10.0',
64 verbose parsed url   path: 'grunt-contrib-jshint@^0.10.0',
64 verbose parsed url   href: 'grunt-contrib-jshint@^0.10.0' }
65 verbose cache add [ 'grunt-contrib-less@^0.12.0', null ]
66 verbose cache add name=undefined spec="grunt-contrib-less@^0.12.0" args=["grunt-contrib-less@^0.12.0",null]
67 verbose parsed url { protocol: null,
67 verbose parsed url   slashes: null,
67 verbose parsed url   auth: null,
67 verbose parsed url   host: null,
67 verbose parsed url   port: null,
67 verbose parsed url   hostname: null,
67 verbose parsed url   hash: null,
67 verbose parsed url   search: null,
67 verbose parsed url   query: null,
67 verbose parsed url   pathname: 'grunt-contrib-less@^0.12.0',
67 verbose parsed url   path: 'grunt-contrib-less@^0.12.0',
67 verbose parsed url   href: 'grunt-contrib-less@^0.12.0' }
68 verbose cache add [ 'grunt-contrib-watch@^0.6.1', null ]
69 verbose cache add name=undefined spec="grunt-contrib-watch@^0.6.1" args=["grunt-contrib-watch@^0.6.1",null]
70 verbose parsed url { protocol: null,
70 verbose parsed url   slashes: null,
70 verbose parsed url   auth: null,
70 verbose parsed url   host: null,
70 verbose parsed url   port: null,
70 verbose parsed url   hostname: null,
70 verbose parsed url   hash: null,
70 verbose parsed url   search: null,
70 verbose parsed url   query: null,
70 verbose parsed url   pathname: 'grunt-contrib-watch@^0.6.1',
70 verbose parsed url   path: 'grunt-contrib-watch@^0.6.1',
70 verbose parsed url   href: 'grunt-contrib-watch@^0.6.1' }
71 verbose request where is /bcrypt
72 verbose request registry https://registry.npmjs.org/
73 verbose request id 93039234f726fc94
74 verbose url raw /bcrypt
75 verbose url resolving [ 'https://registry.npmjs.org/', './bcrypt' ]
76 verbose url resolved https://registry.npmjs.org/bcrypt
77 verbose request where is https://registry.npmjs.org/bcrypt
78 info trying registry request attempt 1 at 15:06:04
79 http GET https://registry.npmjs.org/bcrypt
80 verbose cache add name="grunt-contrib-jshint" spec="^0.10.0" args=["grunt-contrib-jshint","^0.10.0"]
81 verbose parsed url { protocol: null,
81 verbose parsed url   slashes: null,
81 verbose parsed url   auth: null,
81 verbose parsed url   host: null,
81 verbose parsed url   port: null,
81 verbose parsed url   hostname: null,
81 verbose parsed url   hash: null,
81 verbose parsed url   search: null,
81 verbose parsed url   query: null,
81 verbose parsed url   pathname: '^0.10.0',
81 verbose parsed url   path: '^0.10.0',
81 verbose parsed url   href: '^0.10.0' }
82 verbose addNamed [ 'grunt-contrib-jshint', '^0.10.0' ]
83 verbose addNamed [ null, '>=0.10.0-0 <0.11.0-0' ]
84 silly lockFile 1bfa20d8-grunt-contrib-jshint-0-10-0 grunt-contrib-jshint@^0.10.0
85 verbose lock grunt-contrib-jshint@^0.10.0 /Users/Melanie/.npm/1bfa20d8-grunt-contrib-jshint-0-10-0.lock
86 verbose cache add name="grunt-contrib-less" spec="^0.12.0" args=["grunt-contrib-less","^0.12.0"]
87 verbose parsed url { protocol: null,
87 verbose parsed url   slashes: null,
87 verbose parsed url   auth: null,
87 verbose parsed url   host: null,
87 verbose parsed url   port: null,
87 verbose parsed url   hostname: null,
87 verbose parsed url   hash: null,
87 verbose parsed url   search: null,
87 verbose parsed url   query: null,
87 verbose parsed url   pathname: '^0.12.0',
87 verbose parsed url   path: '^0.12.0',
87 verbose parsed url   href: '^0.12.0' }
88 verbose addNamed [ 'grunt-contrib-less', '^0.12.0' ]
89 verbose addNamed [ null, '>=0.12.0-0 <0.13.0-0' ]
90 silly lockFile 91712cd0-grunt-contrib-less-0-12-0 grunt-contrib-less@^0.12.0
91 verbose lock grunt-contrib-less@^0.12.0 /Users/Melanie/.npm/91712cd0-grunt-contrib-less-0-12-0.lock
92 verbose already installed skipping grunt-hapi@^0.8.1 /Users/Melanie/Documents/Code/misceo
93 verbose cache add [ 'grunt-jscs@^0.8.1', null ]
94 verbose cache add name=undefined spec="grunt-jscs@^0.8.1" args=["grunt-jscs@^0.8.1",null]
95 verbose parsed url { protocol: null,
95 verbose parsed url   slashes: null,
95 verbose parsed url   auth: null,
95 verbose parsed url   host: null,
95 verbose parsed url   port: null,
95 verbose parsed url   hostname: null,
95 verbose parsed url   hash: null,
95 verbose parsed url   search: null,
95 verbose parsed url   query: null,
95 verbose parsed url   pathname: 'grunt-jscs@^0.8.1',
95 verbose parsed url   path: 'grunt-jscs@^0.8.1',
95 verbose parsed url   href: 'grunt-jscs@^0.8.1' }
96 verbose already installed skipping grunt-shell@^1.1.1 /Users/Melanie/Documents/Code/misceo
97 verbose already installed skipping hapi@^7.5.2 /Users/Melanie/Documents/Code/misceo
98 verbose already installed skipping joi@^4.9.0 /Users/Melanie/Documents/Code/misceo
99 verbose already installed skipping jshint-stylish@^1.0.0 /Users/Melanie/Documents/Code/misceo
100 verbose already installed skipping jshintrc@^0.1.0 /Users/Melanie/Documents/Code/misceo
101 verbose already installed skipping lout@^5.1.2 /Users/Melanie/Documents/Code/misceo
102 verbose already installed skipping mongoose@^3.8.19 /Users/Melanie/Documents/Code/misceo
103 verbose cache add name="grunt-contrib-watch" spec="^0.6.1" args=["grunt-contrib-watch","^0.6.1"]
104 verbose parsed url { protocol: null,
104 verbose parsed url   slashes: null,
104 verbose parsed url   auth: null,
104 verbose parsed url   host: null,
104 verbose parsed url   port: null,
104 verbose parsed url   hostname: null,
104 verbose parsed url   hash: null,
104 verbose parsed url   search: null,
104 verbose parsed url   query: null,
104 verbose parsed url   pathname: '^0.6.1',
104 verbose parsed url   path: '^0.6.1',
104 verbose parsed url   href: '^0.6.1' }
105 verbose addNamed [ 'grunt-contrib-watch', '^0.6.1' ]
106 verbose addNamed [ null, '>=0.6.1-0 <0.7.0-0' ]
107 silly lockFile 224b1ece-grunt-contrib-watch-0-6-1 grunt-contrib-watch@^0.6.1
108 verbose lock grunt-contrib-watch@^0.6.1 /Users/Melanie/.npm/224b1ece-grunt-contrib-watch-0-6-1.lock
109 silly addNameRange { name: 'grunt-contrib-jade',
109 silly addNameRange   range: '>=0.13.0-0 <0.14.0-0',
109 silly addNameRange   hasData: false }
110 verbose cache add name="grunt-jscs" spec="^0.8.1" args=["grunt-jscs","^0.8.1"]
111 verbose parsed url { protocol: null,
111 verbose parsed url   slashes: null,
111 verbose parsed url   auth: null,
111 verbose parsed url   host: null,
111 verbose parsed url   port: null,
111 verbose parsed url   hostname: null,
111 verbose parsed url   hash: null,
111 verbose parsed url   search: null,
111 verbose parsed url   query: null,
111 verbose parsed url   pathname: '^0.8.1',
111 verbose parsed url   path: '^0.8.1',
111 verbose parsed url   href: '^0.8.1' }
112 verbose addNamed [ 'grunt-jscs', '^0.8.1' ]
113 verbose addNamed [ null, '>=0.8.1-0 <0.9.0-0' ]
114 silly lockFile 03b3d323-grunt-jscs-0-8-1 grunt-jscs@^0.8.1
115 verbose lock grunt-jscs@^0.8.1 /Users/Melanie/.npm/03b3d323-grunt-jscs-0-8-1.lock
116 silly addNameRange { name: 'grunt-contrib-jshint',
116 silly addNameRange   range: '>=0.10.0-0 <0.11.0-0',
116 silly addNameRange   hasData: false }
117 silly addNameRange { name: 'grunt-contrib-less',
117 silly addNameRange   range: '>=0.12.0-0 <0.13.0-0',
117 silly addNameRange   hasData: false }
118 silly addNameRange { name: 'grunt-contrib-watch',
118 silly addNameRange   range: '>=0.6.1-0 <0.7.0-0',
118 silly addNameRange   hasData: false }
119 silly addNameRange { name: 'grunt-jscs',
119 silly addNameRange   range: '>=0.8.1-0 <0.9.0-0',
119 silly addNameRange   hasData: false }
120 verbose request where is /bower
121 verbose request registry https://registry.npmjs.org/
122 verbose url raw /bower
123 verbose url resolving [ 'https://registry.npmjs.org/', './bower' ]
124 verbose url resolved https://registry.npmjs.org/bower
125 verbose request where is https://registry.npmjs.org/bower
126 info trying registry request attempt 1 at 15:06:04
127 verbose etag "2EL3XI6VJKT2JCSE1E7QDICUX"
128 http GET https://registry.npmjs.org/bower
129 verbose request where is /good
130 verbose request registry https://registry.npmjs.org/
131 verbose url raw /good
132 verbose url resolving [ 'https://registry.npmjs.org/', './good' ]
133 verbose url resolved https://registry.npmjs.org/good
134 verbose request where is https://registry.npmjs.org/good
135 info trying registry request attempt 1 at 15:06:04
136 verbose etag "1QVTJTNXQO8889TXIABNN71R2"
137 http GET https://registry.npmjs.org/good
138 verbose request where is /async
139 verbose request registry https://registry.npmjs.org/
140 verbose url raw /async
141 verbose url resolving [ 'https://registry.npmjs.org/', './async' ]
142 verbose url resolved https://registry.npmjs.org/async
143 verbose request where is https://registry.npmjs.org/async
144 info trying registry request attempt 1 at 15:06:04
145 verbose etag "TQWV3PR58GAWSUCPAMFDBI8H"
146 http GET https://registry.npmjs.org/async
147 verbose request where is /grunt-contrib-jade
148 verbose request registry https://registry.npmjs.org/
149 verbose url raw /grunt-contrib-jade
150 verbose url resolving [ 'https://registry.npmjs.org/', './grunt-contrib-jade' ]
151 verbose url resolved https://registry.npmjs.org/grunt-contrib-jade
152 verbose request where is https://registry.npmjs.org/grunt-contrib-jade
153 info trying registry request attempt 1 at 15:06:04
154 verbose etag "319HFFF661DAM3F9AMUOHJ9JY"
155 http GET https://registry.npmjs.org/grunt-contrib-jade
156 verbose request where is /grunt-contrib-jshint
157 verbose request registry https://registry.npmjs.org/
158 verbose url raw /grunt-contrib-jshint
159 verbose url resolving [ 'https://registry.npmjs.org/', './grunt-contrib-jshint' ]
160 verbose url resolved https://registry.npmjs.org/grunt-contrib-jshint
161 verbose request where is https://registry.npmjs.org/grunt-contrib-jshint
162 info trying registry request attempt 1 at 15:06:04
163 verbose etag "1E33P892091AFUP9LHMQLHMTY"
164 http GET https://registry.npmjs.org/grunt-contrib-jshint
165 verbose request where is /grunt-contrib-less
166 verbose request registry https://registry.npmjs.org/
167 verbose url raw /grunt-contrib-less
168 verbose url resolving [ 'https://registry.npmjs.org/', './grunt-contrib-less' ]
169 verbose url resolved https://registry.npmjs.org/grunt-contrib-less
170 verbose request where is https://registry.npmjs.org/grunt-contrib-less
171 info trying registry request attempt 1 at 15:06:04
172 verbose etag "BEA54UTKKQPE5FQVNTJHICAO"
173 http GET https://registry.npmjs.org/grunt-contrib-less
174 verbose request where is /grunt-contrib-watch
175 verbose request registry https://registry.npmjs.org/
176 verbose url raw /grunt-contrib-watch
177 verbose url resolving [ 'https://registry.npmjs.org/', './grunt-contrib-watch' ]
178 verbose url resolved https://registry.npmjs.org/grunt-contrib-watch
179 verbose request where is https://registry.npmjs.org/grunt-contrib-watch
180 info trying registry request attempt 1 at 15:06:04
181 verbose etag "E3OL0CBCLDHY0B4FX80ILGK2T"
182 http GET https://registry.npmjs.org/grunt-contrib-watch
183 verbose request where is /grunt-jscs
184 verbose request registry https://registry.npmjs.org/
185 verbose url raw /grunt-jscs
186 verbose url resolving [ 'https://registry.npmjs.org/', './grunt-jscs' ]
187 verbose url resolved https://registry.npmjs.org/grunt-jscs
188 verbose request where is https://registry.npmjs.org/grunt-jscs
189 info trying registry request attempt 1 at 15:06:04
190 verbose etag "2BVL06RDBMA0LTLD9HRBGLTQ0"
191 http GET https://registry.npmjs.org/grunt-jscs
192 http 304 https://registry.npmjs.org/async
193 silly registry.get cb [ 304,
193 silly registry.get   { date: 'Tue, 18 Nov 2014 21:06:04 GMT',
193 silly registry.get     server: 'Apache',
193 silly registry.get     via: '1.1 varnish',
193 silly registry.get     'last-modified': 'Tue, 18 Nov 2014 20:51:15 GMT',
193 silly registry.get     'cache-control': 'max-age=60',
193 silly registry.get     etag: '"TQWV3PR58GAWSUCPAMFDBI8H"',
193 silly registry.get     age: '38',
193 silly registry.get     'x-served-by': 'cache-atl6227-ATL',
193 silly registry.get     'x-cache': 'HIT',
193 silly registry.get     'x-cache-hits': '306',
193 silly registry.get     'x-timer': 'S1416344764.658949,VS0,VE0',
193 silly registry.get     vary: 'Accept',
193 silly registry.get     'content-length': '0',
193 silly registry.get     'keep-alive': 'timeout=10, max=50',
193 silly registry.get     connection: 'Keep-Alive' } ]
194 verbose etag https://registry.npmjs.org/async from cache
195 http 304 https://registry.npmjs.org/bower
196 silly registry.get cb [ 304,
196 silly registry.get   { date: 'Tue, 18 Nov 2014 21:06:04 GMT',
196 silly registry.get     server: 'Apache',
196 silly registry.get     via: '1.1 varnish',
196 silly registry.get     'last-modified': 'Tue, 18 Nov 2014 21:06:04 GMT',
196 silly registry.get     'cache-control': 'max-age=60',
196 silly registry.get     etag: '"2EL3XI6VJKT2JCSE1E7QDICUX"',
196 silly registry.get     age: '32',
196 silly registry.get     'x-served-by': 'cache-atl6224-ATL',
196 silly registry.get     'x-cache': 'HIT',
196 silly registry.get     'x-cache-hits': '1',
196 silly registry.get     'x-timer': 'S1416344764.664690,VS0,VE1',
196 silly registry.get     vary: 'Accept',
196 silly registry.get     'content-length': '0',
196 silly registry.get     'keep-alive': 'timeout=10, max=50',
196 silly registry.get     connection: 'Keep-Alive' } ]
197 verbose etag https://registry.npmjs.org/bower from cache
198 http 304 https://registry.npmjs.org/grunt-contrib-jade
199 silly registry.get cb [ 304,
199 silly registry.get   { date: 'Tue, 18 Nov 2014 21:06:04 GMT',
199 silly registry.get     server: 'Apache',
199 silly registry.get     via: '1.1 varnish',
199 silly registry.get     'last-modified': 'Tue, 18 Nov 2014 21:06:04 GMT',
199 silly registry.get     'cache-control': 'max-age=60',
199 silly registry.get     etag: '"319HFFF661DAM3F9AMUOHJ9JY"',
199 silly registry.get     age: '0',
199 silly registry.get     'x-served-by': 'cache-atl6232-ATL',
199 silly registry.get     'x-cache': 'HIT',
199 silly registry.get     'x-cache-hits': '1',
199 silly registry.get     'x-timer': 'S1416344764.643660,VS0,VE23',
199 silly registry.get     vary: 'Accept',
199 silly registry.get     'content-length': '0',
199 silly registry.get     'keep-alive': 'timeout=10, max=50',
199 silly registry.get     connection: 'Keep-Alive' } ]
200 verbose etag https://registry.npmjs.org/grunt-contrib-jade from cache
201 silly addNameRange number 2 { name: 'async', range: '>=0.9.0-0 <0.10.0-0', hasData: true }
202 silly addNameRange versions [ 'async',
202 silly addNameRange   [ '0.1.0',
202 silly addNameRange     '0.1.1',
202 silly addNameRange     '0.1.2',
202 silly addNameRange     '0.1.3',
202 silly addNameRange     '0.1.4',
202 silly addNameRange     '0.1.5',
202 silly addNameRange     '0.1.6',
202 silly addNameRange     '0.1.7',
202 silly addNameRange     '0.1.8',
202 silly addNameRange     '0.1.9',
202 silly addNameRange     '0.1.10',
202 silly addNameRange     '0.1.11',
202 silly addNameRange     '0.1.12',
202 silly addNameRange     '0.1.13',
202 silly addNameRange     '0.1.14',
202 silly addNameRange     '0.1.15',
202 silly addNameRange     '0.1.16',
202 silly addNameRange     '0.1.17',
202 silly addNameRange     '0.1.18',
202 silly addNameRange     '0.1.19',
202 silly addNameRange     '0.1.20',
202 silly addNameRange     '0.1.21',
202 silly addNameRange     '0.1.22',
202 silly addNameRange     '0.2.0',
202 silly addNameRange     '0.2.1',
202 silly addNameRange     '0.2.2',
202 silly addNameRange     '0.2.3',
202 silly addNameRange     '0.2.4',
202 silly addNameRange     '0.2.5',
202 silly addNameRange     '0.2.6',
202 silly addNameRange     '0.2.7',
202 silly addNameRange     '0.2.8',
202 silly addNameRange     '0.2.9',
202 silly addNameRange     '0.2.10',
202 silly addNameRange     '0.3.0',
202 silly addNameRange     '0.4.0',
202 silly addNameRange     '0.4.1',
202 silly addNameRange     '0.5.0',
202 silly addNameRange     '0.6.0',
202 silly addNameRange     '0.6.1',
202 silly addNameRange     '0.6.2',
202 silly addNameRange     '0.7.0',
202 silly addNameRange     '0.8.0',
202 silly addNameRange     '0.9.0' ] ]
203 verbose addNamed [ 'async', '0.9.0' ]
204 verbose addNamed [ '0.9.0', '0.9.0' ]
205 silly lockFile 9a58a886-async-0-9-0 async@0.9.0
206 verbose lock async@0.9.0 /Users/Melanie/.npm/9a58a886-async-0-9-0.lock
207 silly addNameRange number 2 { name: 'bower', range: '>=1.3.12-0 <2.0.0-0', hasData: true }
208 silly addNameRange versions [ 'bower',
208 silly addNameRange   [ '0.1.0',
208 silly addNameRange     '0.1.2',
208 silly addNameRange     '0.1.3',
208 silly addNameRange     '0.2.0',
208 silly addNameRange     '0.3.0',
208 silly addNameRange     '0.3.1',
208 silly addNameRange     '0.3.2',
208 silly addNameRange     '0.4.0',
208 silly addNameRange     '0.5.0',
208 silly addNameRange     '0.5.1',
208 silly addNameRange     '0.6.0',
208 silly addNameRange     '0.6.1',
208 silly addNameRange     '0.6.2',
208 silly addNameRange     '0.6.3',
208 silly addNameRange     '0.6.4',
208 silly addNameRange     '0.6.5',
208 silly addNameRange     '0.6.6',
208 silly addNameRange     '0.6.7',
208 silly addNameRange     '0.6.8',
208 silly addNameRange     '0.7.0',
208 silly addNameRange     '0.7.1',
208 silly addNameRange     '0.8.0',
208 silly addNameRange     '0.8.1',
208 silly addNameRange     '0.8.2',
208 silly addNameRange     '0.8.3',
208 silly addNameRange     '0.8.4',
208 silly addNameRange     '0.8.5',
208 silly addNameRange     '0.8.6',
208 silly addNameRange     '0.9.0',
208 silly addNameRange     '0.9.1',
208 silly addNameRange     '0.9.2',
208 silly addNameRange     '0.10.0',
208 silly addNameRange     '1.0.0',
208 silly addNameRange     '1.0.1',
208 silly addNameRange     '1.0.2',
208 silly addNameRange     '1.0.3',
208 silly addNameRange     '1.1.0',
208 silly addNameRange     '1.1.1',
208 silly addNameRange     '1.1.2',
208 silly addNameRange     '1.2.0',
208 silly addNameRange     '1.2.1',
208 silly addNameRange     '1.2.2',
208 silly addNameRange     '1.2.3',
208 silly addNameRange     '1.2.4',
208 silly addNameRange     '1.2.5',
208 silly addNameRange     '1.2.6',
208 silly addNameRange     '1.2.7',
208 silly addNameRange     '1.2.8',
208 silly addNameRange     '1.3.0',
208 silly addNameRange     '1.3.1',
208 silly addNameRange     '1.3.2',
208 silly addNameRange     '1.3.3',
208 silly addNameRange     '1.3.4',
208 silly addNameRange     '1.3.5',
208 silly addNameRange     '1.3.6',
208 silly addNameRange     '1.3.7',
208 silly addNameRange     '1.3.8',
208 silly addNameRange     '1.3.9',
208 silly addNameRange     '1.3.10',
208 silly addNameRange     '1.3.11',
208 silly addNameRange     '1.3.12' ] ]
209 verbose addNamed [ 'bower', '1.3.12' ]
210 verbose addNamed [ '1.3.12', '1.3.12' ]
211 silly lockFile 9819431c-bower-1-3-12 bower@1.3.12
212 verbose lock bower@1.3.12 /Users/Melanie/.npm/9819431c-bower-1-3-12.lock
213 silly addNameRange number 2 { name: 'grunt-contrib-jade',
213 silly addNameRange   range: '>=0.13.0-0 <0.14.0-0',
213 silly addNameRange   hasData: true }
214 silly addNameRange versions [ 'grunt-contrib-jade',
214 silly addNameRange   [ '0.2.0',
214 silly addNameRange     '0.3.0',
214 silly addNameRange     '0.3.1',
214 silly addNameRange     '0.4.0',
214 silly addNameRange     '0.5.0',
214 silly addNameRange     '0.5.1',
214 silly addNameRange     '0.6.0',
214 silly addNameRange     '0.7.0',
214 silly addNameRange     '0.8.0',
214 silly addNameRange     '0.9.0',
214 silly addNameRange     '0.9.1',
214 silly addNameRange     '0.4.0-rc7',
214 silly addNameRange     '0.10.0',
214 silly addNameRange     '0.11.0',
214 silly addNameRange     '0.12.0',
214 silly addNameRange     '0.13.0' ] ]
215 verbose addNamed [ 'grunt-contrib-jade', '0.13.0' ]
216 verbose addNamed [ '0.13.0', '0.13.0' ]
217 silly lockFile 24a4d4a1-grunt-contrib-jade-0-13-0 grunt-contrib-jade@0.13.0
218 verbose lock grunt-contrib-jade@0.13.0 /Users/Melanie/.npm/24a4d4a1-grunt-contrib-jade-0-13-0.lock
219 silly lockFile 282f4be9--npmjs-org-async-async-0-9-0-tgz https://registry.npmjs.org/async/-/async-0.9.0.tgz
220 verbose lock https://registry.npmjs.org/async/-/async-0.9.0.tgz /Users/Melanie/.npm/282f4be9--npmjs-org-async-async-0-9-0-tgz.lock
221 verbose addRemoteTarball [ 'https://registry.npmjs.org/async/-/async-0.9.0.tgz',
221 verbose addRemoteTarball   'ac3613b1da9bed1b47510bb4651b8931e47146c7' ]
222 silly lockFile 9819431c-bower-1-3-12 bower@1.3.12
223 silly lockFile 9819431c-bower-1-3-12 bower@1.3.12
224 silly lockFile 24a4d4a1-grunt-contrib-jade-0-13-0 grunt-contrib-jade@0.13.0
225 silly lockFile 24a4d4a1-grunt-contrib-jade-0-13-0 grunt-contrib-jade@0.13.0
226 silly lockFile 99f654c7-bower-1-3-12 bower@^1.3.12
227 silly lockFile 99f654c7-bower-1-3-12 bower@^1.3.12
228 silly lockFile 92daaa78-grunt-contrib-jade-0-13-0 grunt-contrib-jade@^0.13.0
229 silly lockFile 92daaa78-grunt-contrib-jade-0-13-0 grunt-contrib-jade@^0.13.0
230 info retry fetch attempt 1 at 15:06:04
231 verbose fetch to= /var/folders/kv/8gx19zpn4gjgxcnw23jf_ft40000gn/T/npm-1662-DwFU98Mh/registry.npmjs.org/async/-/async-0.9.0.tgz
232 http GET https://registry.npmjs.org/async/-/async-0.9.0.tgz
233 http 304 https://registry.npmjs.org/grunt-contrib-jshint
234 silly registry.get cb [ 304,
234 silly registry.get   { date: 'Tue, 18 Nov 2014 21:06:04 GMT',
234 silly registry.get     server: 'Apache',
234 silly registry.get     via: '1.1 varnish',
234 silly registry.get     'last-modified': 'Tue, 18 Nov 2014 21:06:04 GMT',
234 silly registry.get     'cache-control': 'max-age=60',
234 silly registry.get     etag: '"1E33P892091AFUP9LHMQLHMTY"',
234 silly registry.get     age: '6',
234 silly registry.get     'x-served-by': 'cache-atl6227-ATL',
234 silly registry.get     'x-cache': 'HIT',
234 silly registry.get     'x-cache-hits': '1',
234 silly registry.get     'x-timer': 'S1416344764.681959,VS0,VE1',
234 silly registry.get     vary: 'Accept',
234 silly registry.get     'content-length': '0',
234 silly registry.get     'keep-alive': 'timeout=10, max=49',
234 silly registry.get     connection: 'Keep-Alive' } ]
235 verbose etag https://registry.npmjs.org/grunt-contrib-jshint from cache
236 silly addNameRange number 2 { name: 'grunt-contrib-jshint',
236 silly addNameRange   range: '>=0.10.0-0 <0.11.0-0',
236 silly addNameRange   hasData: true }
237 silly addNameRange versions [ 'grunt-contrib-jshint',
237 silly addNameRange   [ '0.1.0',
237 silly addNameRange     '0.1.1',
237 silly addNameRange     '0.2.0',
237 silly addNameRange     '0.3.0',
237 silly addNameRange     '0.4.0',
237 silly addNameRange     '0.4.1',
237 silly addNameRange     '0.4.2',
237 silly addNameRange     '0.4.3',
237 silly addNameRange     '0.5.0',
237 silly addNameRange     '0.5.1',
237 silly addNameRange     '0.5.2',
237 silly addNameRange     '0.5.3',
237 silly addNameRange     '0.5.4',
237 silly addNameRange     '0.6.0',
237 silly addNameRange     '0.6.1',
237 silly addNameRange     '0.6.2',
237 silly addNameRange     '0.6.3',
237 silly addNameRange     '0.6.4',
237 silly addNameRange     '0.6.5',
237 silly addNameRange     '0.7.0',
237 silly addNameRange     '0.7.1',
237 silly addNameRange     '0.7.2',
237 silly addNameRange     '0.8.0',
237 silly addNameRange     '0.9.0',
237 silly addNameRange     '0.9.1',
237 silly addNameRange     '0.9.2',
237 silly addNameRange     '0.10.0',
237 silly addNameRange     '0.1.1-rc5',
237 silly addNameRange     '0.1.1-rc6' ] ]
238 verbose addNamed [ 'grunt-contrib-jshint', '0.10.0' ]
239 verbose addNamed [ '0.10.0', '0.10.0' ]
240 silly lockFile af8d4102-grunt-contrib-jshint-0-10-0 grunt-contrib-jshint@0.10.0
241 verbose lock grunt-contrib-jshint@0.10.0 /Users/Melanie/.npm/af8d4102-grunt-contrib-jshint-0-10-0.lock
242 http 304 https://registry.npmjs.org/grunt-contrib-watch
243 silly registry.get cb [ 304,
243 silly registry.get   { date: 'Tue, 18 Nov 2014 21:06:04 GMT',
243 silly registry.get     server: 'Apache',
243 silly registry.get     via: '1.1 varnish',
243 silly registry.get     'last-modified': 'Tue, 18 Nov 2014 21:05:53 GMT',
243 silly registry.get     'cache-control': 'max-age=60',
243 silly registry.get     etag: '"E3OL0CBCLDHY0B4FX80ILGK2T"',
243 silly registry.get     age: '30',
243 silly registry.get     'x-served-by': 'cache-atl6232-ATL',
243 silly registry.get     'x-cache': 'HIT',
243 silly registry.get     'x-cache-hits': '2',
243 silly registry.get     'x-timer': 'S1416344764.688874,VS0,VE0',
243 silly registry.get     vary: 'Accept',
243 silly registry.get     'content-length': '0',
243 silly registry.get     'keep-alive': 'timeout=10, max=49',
243 silly registry.get     connection: 'Keep-Alive' } ]
244 verbose etag https://registry.npmjs.org/grunt-contrib-watch from cache
245 silly lockFile af8d4102-grunt-contrib-jshint-0-10-0 grunt-contrib-jshint@0.10.0
246 silly lockFile af8d4102-grunt-contrib-jshint-0-10-0 grunt-contrib-jshint@0.10.0
247 silly lockFile 1bfa20d8-grunt-contrib-jshint-0-10-0 grunt-contrib-jshint@^0.10.0
248 silly lockFile 1bfa20d8-grunt-contrib-jshint-0-10-0 grunt-contrib-jshint@^0.10.0
249 silly addNameRange number 2 { name: 'grunt-contrib-watch',
249 silly addNameRange   range: '>=0.6.1-0 <0.7.0-0',
249 silly addNameRange   hasData: true }
250 silly addNameRange versions [ 'grunt-contrib-watch',
250 silly addNameRange   [ '0.1.0',
250 silly addNameRange     '0.1.1',
250 silly addNameRange     '0.1.2',
250 silly addNameRange     '0.1.3',
250 silly addNameRange     '0.1.4',
250 silly addNameRange     '0.2.0',
250 silly addNameRange     '0.3.0',
250 silly addNameRange     '0.3.1',
250 silly addNameRange     '0.4.0',
250 silly addNameRange     '0.4.1',
250 silly addNameRange     '0.4.2',
250 silly addNameRange     '0.4.3',
250 silly addNameRange     '0.4.4',
250 silly addNameRange     '0.5.0',
250 silly addNameRange     '0.5.1',
250 silly addNameRange     '0.5.2',
250 silly addNameRange     '0.5.3',
250 silly addNameRange     '0.6.0',
250 silly addNameRange     '0.6.1',
250 silly addNameRange     '0.2.0-a',
250 silly addNameRange     '0.2.0-rc5',
250 silly addNameRange     '0.2.0-rc7' ] ]
251 verbose addNamed [ 'grunt-contrib-watch', '0.6.1' ]
252 verbose addNamed [ '0.6.1', '0.6.1' ]
253 silly lockFile 08049756-grunt-contrib-watch-0-6-1 grunt-contrib-watch@0.6.1
254 verbose lock grunt-contrib-watch@0.6.1 /Users/Melanie/.npm/08049756-grunt-contrib-watch-0-6-1.lock
255 silly lockFile 08049756-grunt-contrib-watch-0-6-1 grunt-contrib-watch@0.6.1
256 silly lockFile 08049756-grunt-contrib-watch-0-6-1 grunt-contrib-watch@0.6.1
257 silly lockFile 224b1ece-grunt-contrib-watch-0-6-1 grunt-contrib-watch@^0.6.1
258 silly lockFile 224b1ece-grunt-contrib-watch-0-6-1 grunt-contrib-watch@^0.6.1
259 http 200 https://registry.npmjs.org/bcrypt
260 silly registry.get cb [ 200,
260 silly registry.get   { date: 'Tue, 18 Nov 2014 21:06:04 GMT',
260 silly registry.get     server: 'CouchDB/1.5.0 (Erlang OTP/R16B03)',
260 silly registry.get     etag: '"7EVU1G3NID80665W4G6L8I28S"',
260 silly registry.get     'content-type': 'application/json',
260 silly registry.get     'cache-control': 'max-age=60',
260 silly registry.get     'content-length': '60095',
260 silly registry.get     'accept-ranges': 'bytes',
260 silly registry.get     via: '1.1 varnish',
260 silly registry.get     age: '0',
260 silly registry.get     'x-served-by': 'cache-atl6233-ATL',
260 silly registry.get     'x-cache': 'HIT',
260 silly registry.get     'x-cache-hits': '1',
260 silly registry.get     'x-timer': 'S1416344764.631586,VS0,VE22',
260 silly registry.get     vary: 'Accept',
260 silly registry.get     'keep-alive': 'timeout=10, max=50',
260 silly registry.get     connection: 'Keep-Alive' } ]
261 http 304 https://registry.npmjs.org/good
262 silly registry.get cb [ 304,
262 silly registry.get   { date: 'Tue, 18 Nov 2014 21:06:04 GMT',
262 silly registry.get     server: 'Apache',
262 silly registry.get     via: '1.1 varnish',
262 silly registry.get     'last-modified': 'Tue, 18 Nov 2014 21:06:04 GMT',
262 silly registry.get     'cache-control': 'max-age=60',
262 silly registry.get     etag: '"1QVTJTNXQO8889TXIABNN71R2"',
262 silly registry.get     age: '0',
262 silly registry.get     'x-served-by': 'cache-atl6227-ATL',
262 silly registry.get     'x-cache': 'HIT',
262 silly registry.get     'x-cache-hits': '1',
262 silly registry.get     'x-timer': 'S1416344764.646898,VS0,VE73',
262 silly registry.get     vary: 'Accept',
262 silly registry.get     'content-length': '0',
262 silly registry.get     'keep-alive': 'timeout=10, max=50',
262 silly registry.get     connection: 'Keep-Alive' } ]
263 verbose etag https://registry.npmjs.org/good from cache
264 http 304 https://registry.npmjs.org/grunt-jscs
265 silly registry.get cb [ 304,
265 silly registry.get   { date: 'Tue, 18 Nov 2014 21:06:04 GMT',
265 silly registry.get     server: 'Apache',
265 silly registry.get     via: '1.1 varnish',
265 silly registry.get     'last-modified': 'Tue, 18 Nov 2014 21:06:04 GMT',
265 silly registry.get     'cache-control': 'max-age=60',
265 silly registry.get     etag: '"2BVL06RDBMA0LTLD9HRBGLTQ0"',
265 silly registry.get     age: '48',
265 silly registry.get     'x-served-by': 'cache-atl6227-ATL',
265 silly registry.get     'x-cache': 'HIT',
265 silly registry.get     'x-cache-hits': '1',
265 silly registry.get     'x-timer': 'S1416344764.724700,VS0,VE0',
265 silly registry.get     vary: 'Accept',
265 silly registry.get     'content-length': '0',
265 silly registry.get     'keep-alive': 'timeout=10, max=48',
265 silly registry.get     connection: 'Keep-Alive' } ]
266 verbose etag https://registry.npmjs.org/grunt-jscs from cache
267 http 304 https://registry.npmjs.org/grunt-contrib-less
268 silly registry.get cb [ 304,
268 silly registry.get   { date: 'Tue, 18 Nov 2014 21:06:04 GMT',
268 silly registry.get     server: 'Apache',
268 silly registry.get     via: '1.1 varnish',
268 silly registry.get     'last-modified': 'Tue, 18 Nov 2014 21:06:04 GMT',
268 silly registry.get     'cache-control': 'max-age=60',
268 silly registry.get     etag: '"BEA54UTKKQPE5FQVNTJHICAO"',
268 silly registry.get     age: '0',
268 silly registry.get     'x-served-by': 'cache-atl6224-ATL',
268 silly registry.get     'x-cache': 'HIT',
268 silly registry.get     'x-cache-hits': '1',
268 silly registry.get     'x-timer': 'S1416344764.687818,VS0,VE36',
268 silly registry.get     vary: 'Accept',
268 silly registry.get     'content-length': '0',
268 silly registry.get     'keep-alive': 'timeout=10, max=49',
268 silly registry.get     connection: 'Keep-Alive' } ]
269 verbose etag https://registry.npmjs.org/grunt-contrib-less from cache
270 silly addNameRange number 2 { name: 'good', range: '>=4.0.0-0 <5.0.0-0', hasData: true }
271 silly addNameRange versions [ 'good',
271 silly addNameRange   [ '0.0.1',
271 silly addNameRange     '0.0.2',
271 silly addNameRange     '0.1.0',
271 silly addNameRange     '0.1.1',
271 silly addNameRange     '0.1.2',
271 silly addNameRange     '0.1.3',
271 silly addNameRange     '0.1.4',
271 silly addNameRange     '0.1.5',
271 silly addNameRange     '0.1.6',
271 silly addNameRange     '0.1.7',
271 silly addNameRange     '0.1.8',
271 silly addNameRange     '0.2.0',
271 silly addNameRange     '0.3.0',
271 silly addNameRange     '0.4.0',
271 silly addNameRange     '0.5.0',
271 silly addNameRange     '0.5.1',
271 silly addNameRange     '0.5.2',
271 silly addNameRange     '0.5.3',
271 silly addNameRange     '0.5.4',
271 silly addNameRange     '0.5.5',
271 silly addNameRange     '0.5.6',
271 silly addNameRange     '0.5.7',
271 silly addNameRange     '0.5.8',
271 silly addNameRange     '0.5.9',
271 silly addNameRange     '0.5.10',
271 silly addNameRange     '0.5.11',
271 silly addNameRange     '0.5.12',
271 silly addNameRange     '0.5.13',
271 silly addNameRange     '0.5.14',
271 silly addNameRange     '0.5.15',
271 silly addNameRange     '0.5.16',
271 silly addNameRange     '0.6.0',
271 silly addNameRange     '0.6.2',
271 silly addNameRange     '0.6.3',
271 silly addNameRange     '0.7.0',
271 silly addNameRange     '0.8.0',
271 silly addNameRange     '0.8.1',
271 silly addNameRange     '0.9.0',
271 silly addNameRange     '0.10.0',
271 silly addNameRange     '0.11.0',
271 silly addNameRange     '0.11.1',
271 silly addNameRange     '0.12.0',
271 silly addNameRange     '0.12.1',
271 silly addNameRange     '0.12.2',
271 silly addNameRange     '0.12.3',
271 silly addNameRange     '1.0.0',
271 silly addNameRange     '2.0.0',
271 silly addNameRange     '2.1.0',
271 silly addNameRange     '2.1.1',
271 silly addNameRange     '2.1.2',
271 silly addNameRange     '2.2.0',
271 silly addNameRange     '2.2.1',
271 silly addNameRange     '2.2.3',
271 silly addNameRange     '2.3.0',
271 silly addNameRange     '3.0.1',
271 silly addNameRange     '3.1.0',
271 silly addNameRange     '2.4.2',
271 silly addNameRange     '2.5.0',
271 silly addNameRange     '3.1.1',
271 silly addNameRange     '4.0.0',
271 silly addNameRange     '2.5.1' ] ]
272 verbose addNamed [ 'good', '4.0.0' ]
273 verbose addNamed [ '4.0.0', '4.0.0' ]
274 silly lockFile 950c64bc-good-4-0-0 good@4.0.0
275 verbose lock good@4.0.0 /Users/Melanie/.npm/950c64bc-good-4-0-0.lock
276 silly addNameRange number 2 { name: 'bcrypt', range: '>=0.8.0-0 <0.9.0-0', hasData: true }
277 silly addNameRange versions [ 'bcrypt',
277 silly addNameRange   [ '0.1.2',
277 silly addNameRange     '0.2.0',
277 silly addNameRange     '0.2.1',
277 silly addNameRange     '0.1.3',
277 silly addNameRange     '0.2.2',
277 silly addNameRange     '0.2.3',
277 silly addNameRange     '0.2.4',
277 silly addNameRange     '0.3.0',
277 silly addNameRange     '0.3.1',
277 silly addNameRange     '0.3.2',
277 silly addNameRange     '0.4.0',
277 silly addNameRange     '0.4.1',
277 silly addNameRange     '0.5.0',
277 silly addNameRange     '0.6.0',
277 silly addNameRange     '0.7.0',
277 silly addNameRange     '0.7.1',
277 silly addNameRange     '0.7.2',
277 silly addNameRange     '0.7.3',
277 silly addNameRange     '0.7.4',
277 silly addNameRange     '0.7.5',
277 silly addNameRange     '0.7.6',
277 silly addNameRange     '0.7.7',
277 silly addNameRange     '0.7.8',
277 silly addNameRange     '0.8.0' ] ]
278 verbose addNamed [ 'bcrypt', '0.8.0' ]
279 verbose addNamed [ '0.8.0', '0.8.0' ]
280 silly lockFile d33dacdf-bcrypt-0-8-0 bcrypt@0.8.0
281 verbose lock bcrypt@0.8.0 /Users/Melanie/.npm/d33dacdf-bcrypt-0-8-0.lock
282 silly addNameRange number 2 { name: 'grunt-jscs',
282 silly addNameRange   range: '>=0.8.1-0 <0.9.0-0',
282 silly addNameRange   hasData: true }
283 silly addNameRange versions [ 'grunt-jscs',
283 silly addNameRange   [ '0.6.0', '0.6.1', '0.6.2', '0.7.0', '0.7.1', '0.8.0', '0.8.1' ] ]
284 verbose addNamed [ 'grunt-jscs', '0.8.1' ]
285 verbose addNamed [ '0.8.1', '0.8.1' ]
286 silly lockFile 725d9c32-grunt-jscs-0-8-1 grunt-jscs@0.8.1
287 verbose lock grunt-jscs@0.8.1 /Users/Melanie/.npm/725d9c32-grunt-jscs-0-8-1.lock
288 silly addNameRange number 2 { name: 'grunt-contrib-less',
288 silly addNameRange   range: '>=0.12.0-0 <0.13.0-0',
288 silly addNameRange   hasData: true }
289 silly addNameRange versions [ 'grunt-contrib-less',
289 silly addNameRange   [ '0.1.0',
289 silly addNameRange     '0.2.0',
289 silly addNameRange     '0.2.1',
289 silly addNameRange     '0.2.2',
289 silly addNameRange     '0.3.0',
289 silly addNameRange     '0.3.1',
289 silly addNameRange     '0.3.2',
289 silly addNameRange     '0.5.0',
289 silly addNameRange     '0.5.1',
289 silly addNameRange     '0.5.2',
289 silly addNameRange     '0.6.0',
289 silly addNameRange     '0.6.1',
289 silly addNameRange     '0.6.2',
289 silly addNameRange     '0.6.3',
289 silly addNameRange     '0.6.4',
289 silly addNameRange     '0.6.5',
289 silly addNameRange     '0.7.0',
289 silly addNameRange     '0.8.0',
289 silly addNameRange     '0.8.1',
289 silly addNameRange     '0.8.2',
289 silly addNameRange     '0.8.3',
289 silly addNameRange     '0.9.0',
289 silly addNameRange     '0.10.0',
289 silly addNameRange     '0.11.0',
289 silly addNameRange     '0.11.1',
289 silly addNameRange     '0.11.2',
289 silly addNameRange     '0.11.3',
289 silly addNameRange     '0.11.4',
289 silly addNameRange     '0.12.0',
289 silly addNameRange     '0.5.0-rc7' ] ]
290 verbose addNamed [ 'grunt-contrib-less', '0.12.0' ]
291 verbose addNamed [ '0.12.0', '0.12.0' ]
292 silly lockFile 5fce9750-grunt-contrib-less-0-12-0 grunt-contrib-less@0.12.0
293 verbose lock grunt-contrib-less@0.12.0 /Users/Melanie/.npm/5fce9750-grunt-contrib-less-0-12-0.lock
294 silly lockFile e2555da9-pmjs-org-bcrypt-bcrypt-0-8-0-tgz https://registry.npmjs.org/bcrypt/-/bcrypt-0.8.0.tgz
295 verbose lock https://registry.npmjs.org/bcrypt/-/bcrypt-0.8.0.tgz /Users/Melanie/.npm/e2555da9-pmjs-org-bcrypt-bcrypt-0-8-0-tgz.lock
296 silly lockFile 950c64bc-good-4-0-0 good@4.0.0
297 silly lockFile 950c64bc-good-4-0-0 good@4.0.0
298 verbose addRemoteTarball [ 'https://registry.npmjs.org/bcrypt/-/bcrypt-0.8.0.tgz',
298 verbose addRemoteTarball   'b8f226406e5b78c838833a8468a4a0402cbc93c9' ]
299 silly lockFile ff5f065e-good-4-0-0 good@^4.0.0
300 silly lockFile ff5f065e-good-4-0-0 good@^4.0.0
301 silly lockFile 725d9c32-grunt-jscs-0-8-1 grunt-jscs@0.8.1
302 silly lockFile 725d9c32-grunt-jscs-0-8-1 grunt-jscs@0.8.1
303 info retry fetch attempt 1 at 15:06:04
304 verbose fetch to= /var/folders/kv/8gx19zpn4gjgxcnw23jf_ft40000gn/T/npm-1662-DwFU98Mh/registry.npmjs.org/bcrypt/-/bcrypt-0.8.0.tgz
305 silly lockFile 03b3d323-grunt-jscs-0-8-1 grunt-jscs@^0.8.1
306 silly lockFile 03b3d323-grunt-jscs-0-8-1 grunt-jscs@^0.8.1
307 silly lockFile 5fce9750-grunt-contrib-less-0-12-0 grunt-contrib-less@0.12.0
308 silly lockFile 5fce9750-grunt-contrib-less-0-12-0 grunt-contrib-less@0.12.0
309 silly lockFile 91712cd0-grunt-contrib-less-0-12-0 grunt-contrib-less@^0.12.0
310 silly lockFile 91712cd0-grunt-contrib-less-0-12-0 grunt-contrib-less@^0.12.0
311 http GET https://registry.npmjs.org/bcrypt/-/bcrypt-0.8.0.tgz
312 http 200 https://registry.npmjs.org/async/-/async-0.9.0.tgz
313 silly lockFile 282f4be9--npmjs-org-async-async-0-9-0-tgz https://registry.npmjs.org/async/-/async-0.9.0.tgz
314 silly lockFile 282f4be9--npmjs-org-async-async-0-9-0-tgz https://registry.npmjs.org/async/-/async-0.9.0.tgz
315 silly lockFile 9a58a886-async-0-9-0 async@0.9.0
316 silly lockFile 9a58a886-async-0-9-0 async@0.9.0
317 silly lockFile 7f39d2c2-async-0-9-0 async@^0.9.0
318 silly lockFile 7f39d2c2-async-0-9-0 async@^0.9.0
319 http 200 https://registry.npmjs.org/bcrypt/-/bcrypt-0.8.0.tgz
320 silly lockFile e2555da9-pmjs-org-bcrypt-bcrypt-0-8-0-tgz https://registry.npmjs.org/bcrypt/-/bcrypt-0.8.0.tgz
321 silly lockFile e2555da9-pmjs-org-bcrypt-bcrypt-0-8-0-tgz https://registry.npmjs.org/bcrypt/-/bcrypt-0.8.0.tgz
322 silly lockFile d33dacdf-bcrypt-0-8-0 bcrypt@0.8.0
323 silly lockFile d33dacdf-bcrypt-0-8-0 bcrypt@0.8.0
324 silly lockFile 54b36fd7-bcrypt-0-8-0 bcrypt@^0.8.0
325 silly lockFile 54b36fd7-bcrypt-0-8-0 bcrypt@^0.8.0
326 error Error: EACCES, mkdir '/Users/Melanie/.npm/async/0.9.0'
326 error  { [Error: EACCES, mkdir '/Users/Melanie/.npm/async/0.9.0']
326 error   errno: 3,
326 error   code: 'EACCES',
326 error   path: '/Users/Melanie/.npm/async/0.9.0',
326 error   parent: 'misceo' }
327 error Please try running this command again as root/Administrator.
328 error System Darwin 14.0.0
329 error command "/usr/local/node/bin/node" "/usr/local/node/bin/npm" "install"
330 error cwd /Users/Melanie/Documents/Code/misceo
331 error node -v v0.10.32
332 error npm -v 1.4.28
333 error path /Users/Melanie/.npm/async/0.9.0
334 error code EACCES
335 error errno 3
336 error stack Error: EACCES, mkdir '/Users/Melanie/.npm/async/0.9.0'
337 verbose exit [ 3, true ]
